[debug] [2022-07-31T16:49:55.623Z] ----------------------------------------------------------------------
[debug] [2022-07-31T16:49:55.625Z] Command:       C:\Program Files\nodejs\node.exe C:\Users\harpreet.s\AppData\Roaming\npm\node_modules\firebase-tools\lib\bin\firebase.js deploy
[debug] [2022-07-31T16:49:55.626Z] CLI Version:   11.4.0
[debug] [2022-07-31T16:49:55.626Z] Platform:      win32
[debug] [2022-07-31T16:49:55.626Z] Node Version:  v16.16.0
[debug] [2022-07-31T16:49:55.629Z] Time:          Sun Jul 31 2022 22:19:55 GMT+0530 (India Standard Time)
[debug] [2022-07-31T16:49:55.629Z] ----------------------------------------------------------------------
[debug] 
[debug] [2022-07-31T16:49:55.696Z] > command requires scopes: ["email","openid","https://www.googleapis.com/auth/cloudplatformprojects.readonly","https://www.googleapis.com/auth/firebase","https://www.googleapis.com/auth/cloud-platform"]
[debug] [2022-07-31T16:49:55.697Z] > authorizing via signed-in user (simransingh12340@gmail.com)
[debug] [2022-07-31T16:49:55.697Z] [iam] checking project resume-personal-7277b for permissions ["firebase.projects.get","firebasehosting.sites.update"]
[debug] [2022-07-31T16:49:55.700Z] >>> [apiv2][query] POST https://cloudresourcemanager.googleapis.com/v1/projects/resume-personal-7277b:testIamPermissions [none]
[debug] [2022-07-31T16:49:55.700Z] >>> [apiv2][(partial)header] POST https://cloudresourcemanager.googleapis.com/v1/projects/resume-personal-7277b:testIamPermissions x-goog-quota-user=projects/resume-personal-7277b
[debug] [2022-07-31T16:49:55.700Z] >>> [apiv2][body] POST https://cloudresourcemanager.googleapis.com/v1/projects/resume-personal-7277b:testIamPermissions {"permissions":["firebase.projects.get","firebasehosting.sites.update"]}
[debug] [2022-07-31T16:50:00.314Z] <<< [apiv2][status] POST https://cloudresourcemanager.googleapis.com/v1/projects/resume-personal-7277b:testIamPermissions 200
[debug] [2022-07-31T16:50:00.314Z] <<< [apiv2][body] POST https://cloudresourcemanager.googleapis.com/v1/projects/resume-personal-7277b:testIamPermissions {"permissions":["firebase.projects.get","firebasehosting.sites.update"]}
[debug] [2022-07-31T16:50:00.317Z] >>> [apiv2][query] GET https://firebase.googleapis.com/v1beta1/projects/resume-personal-7277b [none]
[debug] [2022-07-31T16:50:06.245Z] <<< [apiv2][status] GET https://firebase.googleapis.com/v1beta1/projects/resume-personal-7277b 200
[debug] [2022-07-31T16:50:06.246Z] <<< [apiv2][body] GET https://firebase.googleapis.com/v1beta1/projects/resume-personal-7277b {"projectId":"resume-personal-7277b","projectNumber":"336993961673","displayName":"Resume Personal","name":"projects/resume-personal-7277b","resources":{"hostingSite":"resume-personal-7277b","realtimeDatabaseInstance":"resume-personal-7277b"},"state":"ACTIVE","etag":"1_583396ca-4bda-4dd9-b44b-8ca0e611186c"}
[info] 
[info] === Deploying to 'resume-personal-7277b'...
[info] 
[info] i  deploying hosting 
[debug] [2022-07-31T16:50:06.255Z] >>> [apiv2][query] GET https://firebase.googleapis.com/v1beta1/projects/resume-personal-7277b [none]
[debug] [2022-07-31T16:50:11.021Z] <<< [apiv2][status] GET https://firebase.googleapis.com/v1beta1/projects/resume-personal-7277b 200
[debug] [2022-07-31T16:50:11.021Z] <<< [apiv2][body] GET https://firebase.googleapis.com/v1beta1/projects/resume-personal-7277b {"projectId":"resume-personal-7277b","projectNumber":"336993961673","displayName":"Resume Personal","name":"projects/resume-personal-7277b","resources":{"hostingSite":"resume-personal-7277b","realtimeDatabaseInstance":"resume-personal-7277b"},"state":"ACTIVE","etag":"1_583396ca-4bda-4dd9-b44b-8ca0e611186c"}
[debug] [2022-07-31T16:50:11.026Z] >>> [apiv2][query] POST https://firebasehosting.googleapis.com/v1beta1/projects/336993961673/sites/resume-personal-7277b/versions [none]
[debug] [2022-07-31T16:50:11.027Z] >>> [apiv2][body] POST https://firebasehosting.googleapis.com/v1beta1/projects/336993961673/sites/resume-personal-7277b/versions {"config":{"rewrites":[{"glob":"**","path":"/index.html"}]},"labels":{"deployment-tool":"cli-firebase"}}
[debug] [2022-07-31T16:50:15.435Z] <<< [apiv2][status] POST https://firebasehosting.googleapis.com/v1beta1/projects/336993961673/sites/resume-personal-7277b/versions 200
[debug] [2022-07-31T16:50:15.436Z] <<< [apiv2][body] POST https://firebasehosting.googleapis.com/v1beta1/projects/336993961673/sites/resume-personal-7277b/versions {"name":"projects/336993961673/sites/resume-personal-7277b/versions/4ee30164f89f6049","status":"CREATED","config":{"rewrites":[{"glob":"**","path":"/index.html"}]},"labels":{"deployment-tool":"cli-firebase"}}
[info] i  hosting[resume-personal-7277b]: beginning deploy... 
[info] i  hosting[resume-personal-7277b]: found 49 files in build 
[debug] [2022-07-31T16:50:15.514Z] [hosting] uploading with 200 concurrency
[debug] [2022-07-31T16:50:15.561Z] [hosting] hash cache [YnVpbGQ] stored for 49 files
[debug] [2022-07-31T16:50:15.563Z] [hosting][hash queue][FINAL] {"max":26,"min":2,"avg":2,"active":0,"complete":49,"success":49,"errored":0,"retried":0,"total":49,"elapsed":42}
[debug] [2022-07-31T16:50:15.565Z] >>> [apiv2][query] POST https://firebasehosting.googleapis.com/v1beta1/projects/336993961673/sites/resume-personal-7277b/versions/4ee30164f89f6049:populateFiles [none]
[debug] [2022-07-31T16:50:15.565Z] >>> [apiv2][body] POST https://firebasehosting.googleapis.com/v1beta1/projects/336993961673/sites/resume-personal-7277b/versions/4ee30164f89f6049:populateFiles {"files":{"/android-chrome-192x192.png":"ba77c3c056c76a98ad296066f5907a89fa681b22a1dfcbb46e7f68e41d47df62","/android-chrome-384x384.png":"6e5dd5dbebc1f6bf5385c7d75283898c1468b4c3f8017d56891c408c62ecdd3d","/apple-touch-icon.png":"19e1acacff520234b0229faf17c0ee5ff9201fd7eec60791d4b7583d9526fec2","/asset-manifest.json":"109acfa9db6e6cc3d131f0851e41679dd19449955a57cc162e868f0c3c75c1b8","/browserconfig.xml":"cad9a2852a97c2d4ca8432e0facb75f34e34a96e8b14722e518b646f8a5d762b","/cpLogo.png":"fb830860215dfab6b6693b7a0f939de0423248d348aeca203fecc9bae202d417","/favicon-16x16.png":"c0d3dfab80beb62afe806f6c08e1a67418483e57a7091f0cc0806e868b036649","/favicon-32x32.png":"0001e942d093717dbe1ff872a432ceace8ab401f7ba74a9c841a05fcce37cc8f","/favicon.ico":"431401cd55af6d3d2146f03116257e4cbd0300b0907ca3a8acc1098d1424e790","/index.html":"dac1a51dd70349af362f59b5cc0ccf2f57f2962c028ae3676cc68dc23f929d02","/manifest.json":"c74cb05fa24af4709388efe48b93d559381f1e2dffbbabc035a38363eff6d27d","/mstile-150x150.png":"4485df96de80016bdfa4b68a21830edc95775dfa60961201cbcde052c0292337","/precache-manifest.32ed291c88b4b0fd5090944e715c96d6.js":"a9d3cea7c5e771ae9d3f9b6a5a64f514f0f549d4f6c137f7fbb446ede20480ce","/robots.txt":"53d2dcecb15666b4f7db4041361d3b6ea115483937dd38b66216deda98adaa4a","/safari-pinned-tab.svg":"65f239508a2a9dce4d4957ed530f93bb3226838288137d90265c0baec2e2bf0f","/service-worker.js":"752eb8d6b0a11c3ad784b49373d3c29a9d0dec545086d5de33bffa846e7c0a1e","/static/css/3.3a26ebde.chunk.css":"d8872bdf58cd9c87eaf3c87fffe572e8f929921cd19d4bf91503d528138acdab","/static/css/3.3a26ebde.chunk.css.map":"802c177484d5fdcc26973f6a2dc8ea8d41dd8fefae3845b8acdef9848dae3c6c","/static/css/4.ea3dbbf2.chunk.css":"c257f272e1ceb7eef7cf17d07a84b52b19a1b717f706a01a102805408eb75073","/static/css/4.ea3dbbf2.chunk.css.map":"991881648b516b1256e38549bbb021875cc326526efac6df336beef728371eb8","/static/css/main.71837b3c.chunk.css":"3608c10082a897fc0dad68f061269045e20be2b21d36b59b5adf1eb9102a4330","/static/css/main.71837b3c.chunk.css.map":"9a6a46890a8c6e8de1680bff1e409a4bb9cd08e3de101030805d903451768f0a","/static/js/2.42453951.chunk.js":"014eeb6852c452099d9a505a75de0d2a9115376b9aa01c224646395b07005036","/static/js/2.42453951.chunk.js.LICENSE.txt":"f63f2cd3907f8f8cefa9793af9137ec8153d8f9deef921391c15e9a735e6f02d","/static/js/2.42453951.chunk.js.map":"d9491e56586ddf6b8d944609dedee025117a0470de5c01984820e7de7ebb97b3","/static/js/3.c474d33e.chunk.js":"118225c64251604543155af1dd8d461e4652350ff6b19871053ad52e683d2001","/static/js/3.c474d33e.chunk.js.map":"d7b6a58a2050593513bb7139b857e72fbe6038f5c6047a3d8888b1cab28eba17","/static/js/4.322a4e01.chunk.js":"b64d37d5b535d3f79437594c4d989b981031e1ad9f3bf8020f6d3b311f20aa35","/static/js/4.322a4e01.chunk.js.map":"48afec20c1a11611aae2f75e2e46ed6954bab636c7e5ab1e7071c5c2340a9622","/static/js/main.47c76456.chunk.js":"3d50a5ce0c9b5fdec0439679bb1474daaf7b980d976c5f7b1253f9230f14ec9e","/static/js/main.47c76456.chunk.js.map":"f372cfb887a66c7130916b8d2355b6b7b2b9500f528ac051c1f50d028d429f25","/static/js/runtime-main.c74fb48d.js":"8843913ab8c963d58509f265243a91498c5102691e80100908810a98c0a28e64","/static/js/runtime-main.c74fb48d.js.map":"cf7ca273caee2797c4fe6419b246b615859cfe655251b462bb1c8661908e613f","/static/media/Agustina.21f233e1.woff":"db0b228a34930e51c37846ae8a9575be5ef5a2fd8b7f3d8af6ab56b9201fba52","/static/media/AmznLogo.45b0e69a.png":"c79b0ac144cad17c935655be2ec78e7126462f8fd00d739b7ae07ab153f0f268","/static/media/candenceLogo.5d6b4950.png":"27db52f1255a218b50f7439b7ff7e017de85bfa4b0a6b1313983093e81269446","/static/media/codeInLogo.47a7a717.webp":"df0005c2eacc40058ea5e1ff3ef3c6a0d711a0dde18c2c0c7b41d53f1fd26c3d","/static/media/coding78.e6888ec3.gif":"a78ae5b91d2fe023f3a47abd3f7e97bb865a9852c51f8adcbd0b67cf197a2420","/static/media/contactMailDark.51cf7192.svg":"b0a68bd494bc002fd1120f8e782ce565f1d0dce56ed13acef188795967564d7c","/static/media/developerActivity.59389695.svg":"908cf976d3613cb23f53797e47ad73ac4bb6cbaa44ecf65197ee9db9c9d6f309","/static/media/googleAssistantLogo.e79c6392.webp":"f32f0003a1e7a7d725427cc06881a47ee39a6804459b862fb8d4baec17605bdf","/static/media/idexcel.574450c6.png":"6b1f1075e055f053f399c056c925d7bf484fe57b61429d4972642460b0f04371","/static/media/IPSLogo.ce775abe.png":"722f9c9cffe59db95a42bd18942794d590f19f63f029d34b78bbf65f17bee90c","/static/media/jpLogo.3ec98178.png":"4108ac274efb32e0c3830a5f17c91613c4f5226b96edfa2a72db1e48bbc714d2","/static/media/Montserrat-Regular.ee653992.ttf":"4e92a7a25e549cb377b2919bba833929a5e522a1b979c26ff912a6c99ab63d3b","/static/media/pwaLogo.ee62cb58.webp":"f3eebbc6f467252dacc0c1747d57ab76370e3799ba514063d43c914eec906d89","/static/media/scratchNest.b58601e9.png":"e5deef68723044ba51e2fc90b4aceadb539ca12b30a67260edefafceb557862e","/static/media/skill.34409398.svg":"46fb7fa2be3f50e0ffe2bd293f700da1d340f7e4ecfcc8e75929a8005d9175fa","/static/media/talksCardBack.39eff4a9.svg":"91163aeb43816a62c139176fa9801d71f0f8ad4be8349265e3ae45af3b2d88f6"}}
[debug] [2022-07-31T16:50:18.597Z] <<< [apiv2][status] POST https://firebasehosting.googleapis.com/v1beta1/projects/336993961673/sites/resume-personal-7277b/versions/4ee30164f89f6049:populateFiles 200
[debug] [2022-07-31T16:50:18.597Z] <<< [apiv2][body] POST https://firebasehosting.googleapis.com/v1beta1/projects/336993961673/sites/resume-personal-7277b/versions/4ee30164f89f6049:populateFiles {"uploadRequiredHashes":["a78ae5b91d2fe023f3a47abd3f7e97bb865a9852c51f8adcbd0b67cf197a2420","c79b0ac144cad17c935655be2ec78e7126462f8fd00d739b7ae07ab153f0f268","d9491e56586ddf6b8d944609dedee025117a0470de5c01984820e7de7ebb97b3"],"uploadUrl":"https://upload-firebasehosting.googleapis.com/upload/sites/resume-personal-7277b/versions/4ee30164f89f6049/files"}
[debug] [2022-07-31T16:50:18.603Z] >>> [apiv2][query] POST https://upload-firebasehosting.googleapis.com/upload/sites/resume-personal-7277b/versions/4ee30164f89f6049/files/a78ae5b91d2fe023f3a47abd3f7e97bb865a9852c51f8adcbd0b67cf197a2420 [none]
[debug] [2022-07-31T16:50:18.603Z] >>> [apiv2][body] POST https://upload-firebasehosting.googleapis.com/upload/sites/resume-personal-7277b/versions/4ee30164f89f6049/files/a78ae5b91d2fe023f3a47abd3f7e97bb865a9852c51f8adcbd0b67cf197a2420 [stream]
[debug] [2022-07-31T16:50:18.607Z] >>> [apiv2][query] POST https://upload-firebasehosting.googleapis.com/upload/sites/resume-personal-7277b/versions/4ee30164f89f6049/files/c79b0ac144cad17c935655be2ec78e7126462f8fd00d739b7ae07ab153f0f268 [none]
[debug] [2022-07-31T16:50:18.607Z] >>> [apiv2][body] POST https://upload-firebasehosting.googleapis.com/upload/sites/resume-personal-7277b/versions/4ee30164f89f6049/files/c79b0ac144cad17c935655be2ec78e7126462f8fd00d739b7ae07ab153f0f268 [stream]
[debug] [2022-07-31T16:50:18.610Z] >>> [apiv2][query] POST https://upload-firebasehosting.googleapis.com/upload/sites/resume-personal-7277b/versions/4ee30164f89f6049/files/d9491e56586ddf6b8d944609dedee025117a0470de5c01984820e7de7ebb97b3 [none]
[debug] [2022-07-31T16:50:18.610Z] >>> [apiv2][body] POST https://upload-firebasehosting.googleapis.com/upload/sites/resume-personal-7277b/versions/4ee30164f89f6049/files/d9491e56586ddf6b8d944609dedee025117a0470de5c01984820e7de7ebb97b3 [stream]
[debug] [2022-07-31T16:50:18.612Z] [hosting][populate queue][FINAL] {"max":3051,"min":3051,"avg":3051,"active":0,"complete":1,"success":1,"errored":0,"retried":0,"total":1,"elapsed":3061}
[debug] [2022-07-31T16:50:18.612Z] [hosting] uploads queued: 3
[debug] [2022-07-31T16:50:49.013Z] [uploadQueue] Retrying task c79b0ac144cad17c935655be2ec78e7126462f8fd00d739b7ae07ab153f0f268
[debug] [2022-07-31T16:50:49.015Z] >>> [apiv2][query] POST https://upload-firebasehosting.googleapis.com/upload/sites/resume-personal-7277b/versions/4ee30164f89f6049/files/c79b0ac144cad17c935655be2ec78e7126462f8fd00d739b7ae07ab153f0f268 [none]
[debug] [2022-07-31T16:50:49.015Z] >>> [apiv2][body] POST https://upload-firebasehosting.googleapis.com/upload/sites/resume-personal-7277b/versions/4ee30164f89f6049/files/c79b0ac144cad17c935655be2ec78e7126462f8fd00d739b7ae07ab153f0f268 [stream]
[debug] [2022-07-31T16:51:00.703Z] <<< [apiv2][status] POST https://upload-firebasehosting.googleapis.com/upload/sites/resume-personal-7277b/versions/4ee30164f89f6049/files/d9491e56586ddf6b8d944609dedee025117a0470de5c01984820e7de7ebb97b3 200
[debug] [2022-07-31T16:51:00.703Z] <<< [apiv2][body] POST https://upload-firebasehosting.googleapis.com/upload/sites/resume-personal-7277b/versions/4ee30164f89f6049/files/d9491e56586ddf6b8d944609dedee025117a0470de5c01984820e7de7ebb97b3 [stream]
[debug] [2022-07-31T16:51:06.494Z] [uploadQueue] Retrying task a78ae5b91d2fe023f3a47abd3f7e97bb865a9852c51f8adcbd0b67cf197a2420
[debug] [2022-07-31T16:51:06.496Z] >>> [apiv2][query] POST https://upload-firebasehosting.googleapis.com/upload/sites/resume-personal-7277b/versions/4ee30164f89f6049/files/a78ae5b91d2fe023f3a47abd3f7e97bb865a9852c51f8adcbd0b67cf197a2420 [none]
[debug] [2022-07-31T16:51:06.496Z] >>> [apiv2][body] POST https://upload-firebasehosting.googleapis.com/upload/sites/resume-personal-7277b/versions/4ee30164f89f6049/files/a78ae5b91d2fe023f3a47abd3f7e97bb865a9852c51f8adcbd0b67cf197a2420 [stream]
[debug] [2022-07-31T16:51:19.833Z] [uploadQueue] Retrying task c79b0ac144cad17c935655be2ec78e7126462f8fd00d739b7ae07ab153f0f268
[debug] [2022-07-31T16:51:19.835Z] >>> [apiv2][query] POST https://upload-firebasehosting.googleapis.com/upload/sites/resume-personal-7277b/versions/4ee30164f89f6049/files/c79b0ac144cad17c935655be2ec78e7126462f8fd00d739b7ae07ab153f0f268 [none]
[debug] [2022-07-31T16:51:19.835Z] >>> [apiv2][body] POST https://upload-firebasehosting.googleapis.com/upload/sites/resume-personal-7277b/versions/4ee30164f89f6049/files/c79b0ac144cad17c935655be2ec78e7126462f8fd00d739b7ae07ab153f0f268 [stream]
[debug] [2022-07-31T16:51:51.435Z] [uploadQueue] Retrying task c79b0ac144cad17c935655be2ec78e7126462f8fd00d739b7ae07ab153f0f268
[debug] [2022-07-31T16:51:51.437Z] >>> [apiv2][query] POST https://upload-firebasehosting.googleapis.com/upload/sites/resume-personal-7277b/versions/4ee30164f89f6049/files/c79b0ac144cad17c935655be2ec78e7126462f8fd00d739b7ae07ab153f0f268 [none]
[debug] [2022-07-31T16:51:51.437Z] >>> [apiv2][body] POST https://upload-firebasehosting.googleapis.com/upload/sites/resume-personal-7277b/versions/4ee30164f89f6049/files/c79b0ac144cad17c935655be2ec78e7126462f8fd00d739b7ae07ab153f0f268 [stream]
[debug] [2022-07-31T16:51:54.804Z] [uploadQueue] Retrying task a78ae5b91d2fe023f3a47abd3f7e97bb865a9852c51f8adcbd0b67cf197a2420
[debug] [2022-07-31T16:51:54.805Z] >>> [apiv2][query] POST https://upload-firebasehosting.googleapis.com/upload/sites/resume-personal-7277b/versions/4ee30164f89f6049/files/a78ae5b91d2fe023f3a47abd3f7e97bb865a9852c51f8adcbd0b67cf197a2420 [none]
[debug] [2022-07-31T16:51:54.806Z] >>> [apiv2][body] POST https://upload-firebasehosting.googleapis.com/upload/sites/resume-personal-7277b/versions/4ee30164f89f6049/files/a78ae5b91d2fe023f3a47abd3f7e97bb865a9852c51f8adcbd0b67cf197a2420 [stream]
[debug] [2022-07-31T16:52:24.652Z] [uploadQueue] Retrying task c79b0ac144cad17c935655be2ec78e7126462f8fd00d739b7ae07ab153f0f268
[debug] [2022-07-31T16:52:24.653Z] >>> [apiv2][query] POST https://upload-firebasehosting.googleapis.com/upload/sites/resume-personal-7277b/versions/4ee30164f89f6049/files/c79b0ac144cad17c935655be2ec78e7126462f8fd00d739b7ae07ab153f0f268 [none]
[debug] [2022-07-31T16:52:24.653Z] >>> [apiv2][body] POST https://upload-firebasehosting.googleapis.com/upload/sites/resume-personal-7277b/versions/4ee30164f89f6049/files/c79b0ac144cad17c935655be2ec78e7126462f8fd00d739b7ae07ab153f0f268 [stream]
[debug] [2022-07-31T16:52:43.909Z] [uploadQueue] Retrying task a78ae5b91d2fe023f3a47abd3f7e97bb865a9852c51f8adcbd0b67cf197a2420
[debug] [2022-07-31T16:52:43.911Z] >>> [apiv2][query] POST https://upload-firebasehosting.googleapis.com/upload/sites/resume-personal-7277b/versions/4ee30164f89f6049/files/a78ae5b91d2fe023f3a47abd3f7e97bb865a9852c51f8adcbd0b67cf197a2420 [none]
[debug] [2022-07-31T16:52:43.911Z] >>> [apiv2][body] POST https://upload-firebasehosting.googleapis.com/upload/sites/resume-personal-7277b/versions/4ee30164f89f6049/files/a78ae5b91d2fe023f3a47abd3f7e97bb865a9852c51f8adcbd0b67cf197a2420 [stream]
[debug] [2022-07-31T16:53:01.067Z] [uploadQueue] Retrying task c79b0ac144cad17c935655be2ec78e7126462f8fd00d739b7ae07ab153f0f268
[debug] [2022-07-31T16:53:01.069Z] >>> [apiv2][query] POST https://upload-firebasehosting.googleapis.com/upload/sites/resume-personal-7277b/versions/4ee30164f89f6049/files/c79b0ac144cad17c935655be2ec78e7126462f8fd00d739b7ae07ab153f0f268 [none]
[debug] [2022-07-31T16:53:01.069Z] >>> [apiv2][body] POST https://upload-firebasehosting.googleapis.com/upload/sites/resume-personal-7277b/versions/4ee30164f89f6049/files/c79b0ac144cad17c935655be2ec78e7126462f8fd00d739b7ae07ab153f0f268 [stream]
